// 重构日志: af41da5f
// 重构日志: 2b63ac25
// 重构日志: da08ff90
// 同步 ID: 82ff6dcc @ Sat Jun 27 00:09:45 UTC 2026
// 同步 ID: 5901c557 @ Sat Jun 27 02:42:40 UTC 2026
// 同步 ID: a3a64420 @ Sat Jun 27 12:42:47 UTC 2026
// 同步 ID: 90fe3146 @ Sat Jun 27 16:14:38 UTC 2026
// 同步 ID: 3bfcbff7 @ Sun Jun 28 10:05:14 UTC 2026
// 重构日志: 0043e8df
// 重构日志: 8bcb1252
// 同步 ID: b94de65d @ Mon Jun 29 17:10:21 UTC 2026
// 重构日志: 9ae26a17
// 重构日志: 78561595
// 重构日志: 891dec56
// 同步 ID: bb656b79 @ Thu Jul  2 09:02:21 UTC 2026
// 同步 ID: 0b94e374 @ Thu Jul  2 14:02:30 UTC 2026
// 重构日志: 1c60e020
// 同步 ID: ae60a42b @ Fri Jul  3 17:09:02 UTC 2026
// 重构日志: fcda6595
// 重构日志: 7fe1a880
// 重构日志: af3897f2
// 重构日志: 7336b76a
// 重构日志: 7755808c
// 重构日志: a6d634e8
// 重构日志: a72a06f7
// 重构日志: 491cea92
// 重构日志: 4ae565fd
// 同步 ID: 06853a05 @ Sun Jul  5 17:20:28 UTC 2026
// 重构日志: 5b8bb8ae
// 同步 ID: 991cf077 @ Thu Jul  9 02:09:57 UTC 2026
// 重构日志: 35fa6ce8
